(0000) 2600  0010011000000000 (   6)                 .ORIG x2600
(2600) 3013  0011000000010011 (   8)                 ST    R0 regZero
(2601) 3213  0011001000010011 (   9)                 ST    R1 regOne
(2602) A00F  1010000000001111 (  12)                 LDI   R0 KBDR
(2603) 220D  0010001000001101 (  13)                 LD    R1 negA
(2604) 1201  0001001000000001 (  14)                 ADD   R1 R0 R1
(2605) 0407  0000010000000111 (  15)                 BRZ   store
(2606) 127E  0001001001111110 (  16)                 ADD   R1 R1 #-2
(2607) 0405  0000010000000101 (  17)                 BRZ   store
(2608) 127C  0001001001111100 (  18)                 ADD   R1 R1 #-4
(2609) 0403  0000010000000011 (  19)                 BRZ   store
(260A) 1272  0001001001110010 (  20)                 ADD   R1 R1 #-14
(260B) 0401  0000010000000001 (  21)                 BRZ   store
(260C) 0E01  0000111000000001 (  22)                 BRNZP end
(260D) B005  1011000000000101 (  24) store           STI   R0 letter
(260E) 2005  0010000000000101 (  31) end             LD    R0 regZero
(260F) 2205  0010001000000101 (  32)                 LD    R1 regOne
(2610) 8000  1000000000000000 (  34)                 RTI   
(2611) FFBF  1111111110111111 (  35) negA            .FILL xFFBF
(2612) FE02  1111111000000010 (  36) KBDR            .FILL xFE02
(2613) 4600  0100011000000000 (  37) letter          .FILL x4600
(2614) 0000  0000000000000000 (  39) regZero         .FILL x0000
(2615) 0000  0000000000000000 (  40) regOne          .FILL x0000
