(0000) 4000  0100000000000000 (   7)                 .ORIG x4000
(4000) 2C31  0010110000110001 (  10)                 LD    R6 stack
(4001) 2232  0010001000110010 (  16)                 LD    R1 Interrupt
(4002) B230  1011001000110000 (  17)                 STI   R1 IVT
(4003) 5020  0101000000100000 (  21)                 AND   R0 R0 #0
(4004) 222D  0010001000101101 (  22)                 LD    R1 stack
(4005) 1001  0001000000000001 (  23)                 ADD   R0 R0 R1
(4006) B02E  1011000000101110 (  24)                 STI   R0 KBSR
(4007) 5020  0101000000100000 (  29)                 AND   R0 R0 #0
(4008) B02D  1011000000101101 (  30)                 STI   R0 letter
(4009) 5B60  0101101101100000 (  33) reset           AND   R5 R5 #0
(400A) A02B  1010000000101011 (  34) loop            LDI   R0 letter
(400B) 05FE  0000010111111110 (  35)                 BRZ   loop
(400C) F021  1111000000100001 (  36)                 TRAP  x21
(400D) 5260  0101001001100000 (  37)                 AND   R1 R1 #0
(400E) B227  1011001000100111 (  38)                 STI   R1 letter
(400F) 1960  0001100101100000 (  39)                 ADD   R4 R5 #0
(4010) 0404  0000010000000100 (  40)                 BRZ   state0
(4011) 197F  0001100101111111 (  41)                 ADD   R4 R5 #-1
(4012) 0406  0000010000000110 (  42)                 BRZ   state1
(4013) 197E  0001100101111110 (  43)                 ADD   R4 R5 #-2
(4014) 040B  0000010000001011 (  44)                 BRZ   state2
(4015) 2821  0010100000100001 (  45) state0          LD    R4 negA
(4016) 1004  0001000000000100 (  46)                 ADD   R0 R0 R4
(4017) 0BF2  0000101111110010 (  47)                 BRNP  loop
(4018) 0E10  0000111000010000 (  48)                 BRNZP set1
(4019) 281E  0010100000011110 (  49) state1          LD    R4 negU
(401A) 1004  0001000000000100 (  50)                 ADD   R0 R0 R4
(401B) 0410  0000010000010000 (  51)                 BRZ   set2
(401C) 102A  0001000000101010 (  52)                 ADD   R0 R0 #10
(401D) 102A  0001000000101010 (  53)                 ADD   R0 R0 #10
(401E) 0A08  0000101000001000 (  54)                 BRNP  set0
(401F) 0FEA  0000111111101010 (  55)                 BRNZP loop
(4020) 2818  0010100000011000 (  56) state2          LD    R4 negG
(4021) 1004  0001000000000100 (  57)                 ADD   R0 R0 R4
(4022) 0A04  0000101000000100 (  58)                 BRNP  set0
(4023) 2016  0010000000010110 (  59)                 LD    R0 pipe
(4024) F021  1111000000100001 (  60)                 TRAP  x21
(4025) F025  1111000000100101 (  61)                 TRAP  x25
(4026) 0FE3  0000111111100011 (  64)                 BRNZP loop
(4027) 5B60  0101101101100000 (  70) set0            AND   R5 R5 #0
(4028) 0FE1  0000111111100001 (  71)                 BRNZP loop
(4029) 5B60  0101101101100000 (  74) set1            AND   R5 R5 #0
(402A) 1B61  0001101101100001 (  75)                 ADD   R5 R5 #1
(402B) 0FDE  0000111111011110 (  76)                 BRNZP loop
(402C) 5B60  0101101101100000 (  79) set2            AND   R5 R5 #0
(402D) 1B62  0001101101100010 (  80)                 ADD   R5 R5 #2
(402E) 0FDB  0000111111011011 (  81)                 BRNZP loop
(402F) 5B60  0101101101100000 (  84) set3            AND   R5 R5 #0
(4030) 1B63  0001101101100011 (  85)                 ADD   R5 R5 #3
(4031) 0FD8  0000111111011000 (  86)                 BRNZP loop
(4032) 4000  0100000000000000 (  92) stack           .FILL x4000
(4033) 0180  0000000110000000 (  93) IVT             .FILL x0180
(4034) 2600  0010011000000000 (  94) Interrupt       .FILL x2600
(4035) FE00  1111111000000000 (  95) KBSR            .FILL xFE00
(4036) 4600  0100011000000000 (  96) letter          .FILL x4600
(4037) FFBF  1111111110111111 (  97) negA            .FILL xFFBF
(4038) FFAB  1111111110101011 (  98) negU            .FILL xFFAB
(4039) FFB9  1111111110111001 (  99) negG            .FILL xFFB9
(403A) 007C  0000000001111100 ( 100) pipe            .FILL x007C
(403B) 0000  0000000000000000 ( 100)                 .FILL x0000
